<?xml version="1.0" encoding="UTF-8"?>
<testsuite errors="0" failures="0" skipped="0" name="Addition" tests="1" time="0.355656">
    <testcase classname="Addition" name="Add two numbers" time="0.297618" assertions="4">
    </testcase>
</testsuite>
