<?xml version="1.0" encoding="UTF-8"?>
<testsuite errors="0" failures="0" skipped="3" name="database CRUD" tests="2" time="0.065256">
    <testcase classname="database CRUD" name="" time="0.064652" assertions="3">
    </testcase>
</testsuite>
